
Version 2.04: released on July 13th, 2012
Compile Nov 20 2013	12:17:09

********************
Pregraph
********************

Parameters: pregraph -s confiq_new_parameters.config -K 49 -o /home/stellab/private/genome_analysis/results/3_genome_assembly/kmer_49/new_config 

In confiq_new_parameters.config, 1 lib(s), maximum read length 120, maximum name length 256.

8 thread(s) initialized.
Import reads from file:
 /home/stellab/private/genome_analysis/raw_data/sel3/wgs_data/sel3_SRR5819794.trim_1P.fastq.gz 
Import reads from file:
 /home/stellab/private/genome_analysis/raw_data/sel3/wgs_data/sel3_SRR5819794.trim_2P.fastq.gz 
Import reads from file:
 /home/stellab/private/genome_analysis/raw_data/sel3/wgs_data/sel3_SRR5819795.trim_1P.fastq.gz 
Import reads from file:
 /home/stellab/private/genome_analysis/raw_data/sel3/wgs_data/sel3_SRR5819795.trim_2P.fastq.gz 
Import reads from file:
 /home/stellab/private/genome_analysis/raw_data/sel3/wgs_data/sel3_SRR5819796.trim_1P.fastq.gz 
Import reads from file:
 /home/stellab/private/genome_analysis/raw_data/sel3/wgs_data/sel3_SRR5819796.trim_2P.fastq.gz 
Import reads from file:
 /home/stellab/private/genome_analysis/raw_data/sel3/wgs_data/sel3_SRR5819797.trim_1P.fastq.gz 
Import reads from file:
 /home/stellab/private/genome_analysis/raw_data/sel3/wgs_data/sel3_SRR5819797.trim_2P.fastq.gz 
Import reads from file:
 /home/stellab/private/genome_analysis/raw_data/sel3/wgs_data/sel3_SRR5819798.trim_1P.fastq.gz 
Import reads from file:
 /home/stellab/private/genome_analysis/raw_data/sel3/wgs_data/sel3_SRR5819798.trim_2P.fastq.gz 
Import reads from file:
 /home/stellab/private/genome_analysis/raw_data/sel3/wgs_data/sel3_SRR5819799.trim_1P.fastq.gz 
Import reads from file:
 /home/stellab/private/genome_analysis/raw_data/sel3/wgs_data/sel3_SRR5819799.trim_2P.fastq.gz 
Import reads from file:
 /home/stellab/private/genome_analysis/raw_data/sel3/wgs_data/sel3_SRR5819794.trim_1U.fastq.gz 
Import reads from file:
 /home/stellab/private/genome_analysis/raw_data/sel3/wgs_data/sel3_SRR5819794.trim_2U.fastq.gz 
Import reads from file:
 /home/stellab/private/genome_analysis/raw_data/sel3/wgs_data/sel3_SRR5819795.trim_1U.fastq.gz 
Import reads from file:
 /home/stellab/private/genome_analysis/raw_data/sel3/wgs_data/sel3_SRR5819795.trim_2U.fastq.gz 
Import reads from file:
 /home/stellab/private/genome_analysis/raw_data/sel3/wgs_data/sel3_SRR5819796.trim_1U.fastq.gz 
Import reads from file:
 /home/stellab/private/genome_analysis/raw_data/sel3/wgs_data/sel3_SRR5819796.trim_2U.fastq.gz 
Import reads from file:
 /home/stellab/private/genome_analysis/raw_data/sel3/wgs_data/sel3_SRR5819797.trim_1U.fastq.gz 
Import reads from file:
 /home/stellab/private/genome_analysis/raw_data/sel3/wgs_data/sel3_SRR5819797.trim_2U.fastq.gz 
Import reads from file:
 /home/stellab/private/genome_analysis/raw_data/sel3/wgs_data/sel3_SRR5819798.trim_1U.fastq.gz 
Import reads from file:
 /home/stellab/private/genome_analysis/raw_data/sel3/wgs_data/sel3_SRR5819798.trim_2U.fastq.gz 
Import reads from file:
 /home/stellab/private/genome_analysis/raw_data/sel3/wgs_data/sel3_SRR5819799.trim_1U.fastq.gz 
Import reads from file:
 /home/stellab/private/genome_analysis/raw_data/sel3/wgs_data/sel3_SRR5819799.trim_2U.fastq.gz 
Time spent on hashing reads: 465s, 49384001 read(s) processed.
LIB(s) information:
 [LIB] 0, avg_ins 5500, reverse 1.
231194679 node(s) allocated, 2335886764 kmer(s) in reads, 2335886764 kmer(s) processed.
done hashing nodes
218866346 linear node(s) marked.
Time spent on marking linear nodes: 8s.
Time spent on pre-graph construction: 473s.

Start to remove frequency-one-kmer tips shorter than 98.
Total 3973897 tip(s) removed.
8 thread(s) initialized.
1456875 linear node(s) marked.
Start to remove tips with minority links.
2219953 tip(s) removed in cycle 1.
19488 tip(s) removed in cycle 2.
91 tip(s) removed in cycle 3.
0 tip(s) removed in cycle 4.
Total 2239532 tip(s) removed.
8 thread(s) initialized.
0 linear node(s) marked.
Time spent on removing tips: 147s.

8070403 (4035277) edge(s) and 984172 extra node(s) constructed.
Time spent on constructing edges: 95s.

In file: confiq_new_parameters.config, max seq len 120, max name len 256.
8 thread(s) initialized.
Import reads from file:
 /home/stellab/private/genome_analysis/raw_data/sel3/wgs_data/sel3_SRR5819794.trim_1P.fastq.gz 
Import reads from file:
 /home/stellab/private/genome_analysis/raw_data/sel3/wgs_data/sel3_SRR5819794.trim_2P.fastq.gz 
Import reads from file:
 /home/stellab/private/genome_analysis/raw_data/sel3/wgs_data/sel3_SRR5819795.trim_1P.fastq.gz 
Import reads from file:
 /home/stellab/private/genome_analysis/raw_data/sel3/wgs_data/sel3_SRR5819795.trim_2P.fastq.gz 
Import reads from file:
 /home/stellab/private/genome_analysis/raw_data/sel3/wgs_data/sel3_SRR5819796.trim_1P.fastq.gz 
Import reads from file:
 /home/stellab/private/genome_analysis/raw_data/sel3/wgs_data/sel3_SRR5819796.trim_2P.fastq.gz 
Import reads from file:
 /home/stellab/private/genome_analysis/raw_data/sel3/wgs_data/sel3_SRR5819797.trim_1P.fastq.gz 
Import reads from file:
 /home/stellab/private/genome_analysis/raw_data/sel3/wgs_data/sel3_SRR5819797.trim_2P.fastq.gz 
Import reads from file:
 /home/stellab/private/genome_analysis/raw_data/sel3/wgs_data/sel3_SRR5819798.trim_1P.fastq.gz 
Import reads from file:
 /home/stellab/private/genome_analysis/raw_data/sel3/wgs_data/sel3_SRR5819798.trim_2P.fastq.gz 
Import reads from file:
 /home/stellab/private/genome_analysis/raw_data/sel3/wgs_data/sel3_SRR5819799.trim_1P.fastq.gz 
Import reads from file:
 /home/stellab/private/genome_analysis/raw_data/sel3/wgs_data/sel3_SRR5819799.trim_2P.fastq.gz 
Import reads from file:
 /home/stellab/private/genome_analysis/raw_data/sel3/wgs_data/sel3_SRR5819794.trim_1U.fastq.gz 
Import reads from file:
 /home/stellab/private/genome_analysis/raw_data/sel3/wgs_data/sel3_SRR5819794.trim_2U.fastq.gz 
Import reads from file:
 /home/stellab/private/genome_analysis/raw_data/sel3/wgs_data/sel3_SRR5819795.trim_1U.fastq.gz 
Import reads from file:
 /home/stellab/private/genome_analysis/raw_data/sel3/wgs_data/sel3_SRR5819795.trim_2U.fastq.gz 
Import reads from file:
 /home/stellab/private/genome_analysis/raw_data/sel3/wgs_data/sel3_SRR5819796.trim_1U.fastq.gz 
Import reads from file:
 /home/stellab/private/genome_analysis/raw_data/sel3/wgs_data/sel3_SRR5819796.trim_2U.fastq.gz 
Import reads from file:
 /home/stellab/private/genome_analysis/raw_data/sel3/wgs_data/sel3_SRR5819797.trim_1U.fastq.gz 
Import reads from file:
 /home/stellab/private/genome_analysis/raw_data/sel3/wgs_data/sel3_SRR5819797.trim_2U.fastq.gz 
Import reads from file:
 /home/stellab/private/genome_analysis/raw_data/sel3/wgs_data/sel3_SRR5819798.trim_1U.fastq.gz 
Import reads from file:
 /home/stellab/private/genome_analysis/raw_data/sel3/wgs_data/sel3_SRR5819798.trim_2U.fastq.gz 
Import reads from file:
 /home/stellab/private/genome_analysis/raw_data/sel3/wgs_data/sel3_SRR5819799.trim_1U.fastq.gz 
Import reads from file:
 /home/stellab/private/genome_analysis/raw_data/sel3/wgs_data/sel3_SRR5819799.trim_2U.fastq.gz 
49384001 read(s) processed.
Time spent on:
 importing reads: 74s,
 chopping reads to kmers: 55s,
 searching kmers: 270s,
 aligning reads to edges: 84s,
 searching (K+1)mers: 46s,
 adding pre-arcs: 61s,
 recording read paths: 0s.
0 marker(s) output.
Reads alignment done, 5630399 read(s) deleted, 8540881 pre-arc(s) added.
LIB(s) information:
 [LIB] 0, avg_ins 5500, reverse 1.
Time spent on aligning reads: 604s.

2809884 vertex(es) output.
Overall time spent on constructing pre-graph: 22m.


********************
Contig
********************

Parameters: contig -g /home/stellab/private/genome_analysis/results/3_genome_assembly/kmer_49/new_config -M 1 -s confiq_new_parameters.config 

There are 2809884 kmer(s) in vertex file.
There are 8070403 edge(s) in edge file.
Kmers sorted.
slurmstepd: error: *** JOB 8511365 ON r113 CANCELLED AT 2019-04-12T15:43:29 ***
